DEPRECATION WARNING: config.action_view.debug_rjs will be removed in 3.1, from 3.1 onwards you will need to install prototype-rails to continue to use RJS templates . (called from service at /Users/manavsehgal/.rvm/rubies/ruby-1.9.2-p180/lib/ruby/1.9.1/webrick/httpserver.rb:111)


Started GET "/home" for 127.0.0.1 at 2011-06-24 10:35:13 +0530

ActionController::RoutingError (No route matches "/home"):
  

Rendered /Users/manavsehgal/.rvm/gems/ruby-1.9.2-p180@rails3tutorial/gems/actionpack-3.0.9/lib/action_dispatch/middleware/templates/rescues/routing_error.erb within rescues/layout (1.0ms)


Started GET "/pages/home" for 127.0.0.1 at 2011-06-24 10:36:28 +0530
  Processing by PagesController#home as HTML
Rendered pages/home.html.erb within layouts/application (2.0ms)
Completed 200 OK in 8ms (Views: 7.4ms | ActiveRecord: 0.0ms)


Started GET "/pages/contact" for 127.0.0.1 at 2011-06-24 10:36:33 +0530
  Processing by PagesController#contact as HTML
Rendered pages/contact.html.erb within layouts/application (2.0ms)
Completed 200 OK in 21ms (Views: 21.0ms | ActiveRecord: 0.0ms)
DEPRECATION WARNING: config.action_view.debug_rjs will be removed in 3.1, from 3.1 onwards you will need to install prototype-rails to continue to use RJS templates . (called from service at /Users/manavsehgal/.rvm/rubies/ruby-1.9.2-p180/lib/ruby/1.9.1/webrick/httpserver.rb:111)


Started GET "/pages/contact" for 127.0.0.1 at 2011-06-24 20:48:04 +0530
  Processing by PagesController#contact as HTML
Rendered pages/contact.html.erb within layouts/application (2.2ms)
Completed 200 OK in 28ms (Views: 27.4ms | ActiveRecord: 0.0ms)


Started GET "/pages/home" for 127.0.0.1 at 2011-06-24 20:48:40 +0530
  Processing by PagesController#home as HTML
Rendered pages/home.html.erb within layouts/application (1.6ms)
Completed 200 OK in 32ms (Views: 31.4ms | ActiveRecord: 0.0ms)
